<?xml version="1.0" encoding="UTF-8"?>
<!-- Generated by org.testng.reporters.JUnitXMLReporter -->
<testsuite hostname="NP-SADEKUNLE" name="GamesTab" tests="7" failures="0" timestamp="17 Nov 2017 14:05:54 GMT" time="144.823" errors="0">
  <testcase name="AllGamestest" time="17.584" classname="Suite2.GamesTab"/>
  <testcase name="Gamesearchboxtest" time="19.531" classname="Suite2.GamesTab"/>
  <testcase name="JNBtest" time="15.783" classname="Suite2.GamesTab"/>
  <testcase name="cardgamestest" time="15.487" classname="Suite2.GamesTab"/>
  <testcase name="livecasinotest" time="16.272" classname="Suite2.GamesTab"/>
  <testcase name="slottest" time="23.307" classname="Suite2.GamesTab"/>
  <testcase name="tablegamestest" time="16.214" classname="Suite2.GamesTab"/>
</testsuite> <!-- GamesTab -->
