<?xml version="1.0" encoding="UTF-8"?>
<!-- Generated by org.testng.reporters.JUnitXMLReporter -->
<testsuite hostname="NP-SADEKUNLE" name="GamesRules" tests="3" failures="0" timestamp="17 Nov 2017 14:03:29 GMT" time="47.637" errors="0">
  <testcase name="baccarattest" time="15.825" classname="Suite2.GamesRules"/>
  <testcase name="blackjacjtest" time="9.138" classname="Suite2.GamesRules"/>
  <testcase name="roulettetest" time="20.129" classname="Suite2.GamesRules"/>
</testsuite> <!-- GamesRules -->
