<?xml version="1.0" encoding="UTF-8"?>
<!-- Generated by org.testng.reporters.JUnitXMLReporter -->
<testsuite hostname="NP-SADEKUNLE" name="Getting_Started" tests="5" failures="0" timestamp="17 Nov 2017 14:07:18 GMT" time="84.615" errors="0">
  <testcase name="ConfirmYourID" time="20.163" classname="Suite2.Getting_Started"/>
  <testcase name="HowToDeposittest" time="22.582" classname="Suite2.Getting_Started"/>
  <testcase name="HowToWithdrawtest" time="18.18" classname="Suite2.Getting_Started"/>
  <testcase name="IsMyDepositSafetest" time="9.431" classname="Suite2.Getting_Started"/>
  <testcase name="securitytest" time="9.212" classname="Suite2.Getting_Started"/>
</testsuite> <!-- Getting_Started -->
