<?xml version="1.0" encoding="UTF-8"?>
<!-- Generated by org.testng.reporters.JUnitXMLReporter -->
<testsuite hostname="NP-SADEKUNLE" name="Vernons_Homepage" tests="6" failures="0" timestamp="27 Mar 2017 14:49:54 GMT" time="284.346" errors="0">
  <testcase name="GCtest" time="10.08" classname="Suite2.Vernons_Homepage"/>
  <testcase name="GameCategorytest" time="54.179" classname="Suite2.Vernons_Homepage"/>
  <testcase name="HeaderElmentstest" time="75.271" classname="Suite2.Vernons_Homepage"/>
  <testcase name="contentblockHPtest" time="104.287" classname="Suite2.Vernons_Homepage"/>
  <testcase name="footerElement2test" time="11.653" classname="Suite2.Vernons_Homepage"/>
  <testcase name="footerElementsTest" time="24.397" classname="Suite2.Vernons_Homepage"/>
</testsuite> <!-- Vernons_Homepage -->
