<?xml version="1.0" encoding="UTF-8"?>
<!-- Generated by org.testng.reporters.JUnitXMLReporter -->
<testsuite hostname="NP-SADEKUNLE" name="ForgottenDetails" tests="11" failures="0" timestamp="16 Nov 2017 14:40:03 GMT" time="136.19" errors="0">
  <testcase name="ForgottenDetailstest" time="15.618" classname="Vernons_Core_SUITE.ForgottenDetailsTest"/>
  <testcase name="ForgottenDetailstest" time="9.405" classname="Vernons_Core_SUITE.ForgottenDetailsTest"/>
  <testcase name="ForgottenDetailstest" time="9.543" classname="Vernons_Core_SUITE.ForgottenDetailsTest"/>
  <testcase name="ForgottenDetailstest" time="9.332" classname="Vernons_Core_SUITE.ForgottenDetailsTest"/>
  <testcase name="ForgottenDetailstest" time="10.203" classname="Vernons_Core_SUITE.ForgottenDetailsTest"/>
  <testcase name="ForgottenDetailstest" time="12.757" classname="Vernons_Core_SUITE.ForgottenDetailsTest"/>
  <testcase name="ForgottenDetailstest" time="12.35" classname="Vernons_Core_SUITE.ForgottenDetailsTest"/>
  <testcase name="ForgottenDetailstest" time="11.258" classname="Vernons_Core_SUITE.ForgottenDetailsTest"/>
  <testcase name="ForgottenDetailstest" time="12.028" classname="Vernons_Core_SUITE.ForgottenDetailsTest"/>
  <testcase name="ForgottenDetailstest" time="11.345" classname="Vernons_Core_SUITE.ForgottenDetailsTest"/>
  <testcase name="ForgottenDetailstest" time="13.159" classname="Vernons_Core_SUITE.ForgottenDetailsTest"/>
</testsuite> <!-- ForgottenDetails -->
