<?xml version="1.0" encoding="UTF-8"?>
<!-- Generated by org.testng.reporters.JUnitXMLReporter -->
<testsuite hostname="NP-SADEKUNLE" name="GamesTab" tests="7" failures="0" timestamp="16 Nov 2017 14:43:35 GMT" time="155.593" errors="0">
  <testcase name="AllGamestest" time="20.243" classname="Suite2.GamesTab"/>
  <testcase name="Gamesearchboxtest" time="19.353" classname="Suite2.GamesTab"/>
  <testcase name="JNBtest" time="12.704" classname="Suite2.GamesTab"/>
  <testcase name="cardgamestest" time="20.618" classname="Suite2.GamesTab"/>
  <testcase name="livecasinotest" time="18.422" classname="Suite2.GamesTab"/>
  <testcase name="slottest" time="25.697" classname="Suite2.GamesTab"/>
  <testcase name="tablegamestest" time="18.631" classname="Suite2.GamesTab"/>
</testsuite> <!-- GamesTab -->
