<?xml version="1.0" encoding="UTF-8"?>
<!-- Generated by org.testng.reporters.JUnitXMLReporter -->
<testsuite hostname="NP-SADEKUNLE" name="LoginTest" tests="4" failures="0" timestamp="16 Nov 2017 14:37:47 GMT" time="70.463" errors="0">
  <testcase name="Logintest" time="14.035" classname="Vernons_Core_SUITE.LoginTest"/>
  <testcase name="Logintest" time="14.096" classname="Vernons_Core_SUITE.LoginTest"/>
  <testcase name="Logintest" time="13.571" classname="Vernons_Core_SUITE.LoginTest"/>
  <testcase name="Logintest" time="25.464" classname="Vernons_Core_SUITE.LoginTest"/>
</testsuite> <!-- LoginTest -->
