<?xml version="1.0" encoding="UTF-8"?>
<!-- Generated by org.testng.reporters.JUnitXMLReporter -->
<testsuite hostname="NP-SADEKUNLE" name="RegistrartionTest" tests="12" failures="0" timestamp="16 Nov 2017 14:36:37 GMT" time="182.487" errors="0">
  <testcase name="RegistrationTest" time="18.31" classname="Vernons_Core_SUITE.RegistrationTest"/>
  <testcase name="RegistrationTest" time="12.966" classname="Vernons_Core_SUITE.RegistrationTest"/>
  <testcase name="RegistrationTest" time="13.708" classname="Vernons_Core_SUITE.RegistrationTest"/>
  <testcase name="RegistrationTest" time="12.754" classname="Vernons_Core_SUITE.RegistrationTest"/>
  <testcase name="RegistrationTest" time="12.372" classname="Vernons_Core_SUITE.RegistrationTest"/>
  <testcase name="RegistrationTest" time="13.071" classname="Vernons_Core_SUITE.RegistrationTest"/>
  <testcase name="RegistrationTest" time="12.432" classname="Vernons_Core_SUITE.RegistrationTest"/>
  <testcase name="RegistrationTest" time="12.72" classname="Vernons_Core_SUITE.RegistrationTest"/>
  <testcase name="RegistrationTest" time="12.702" classname="Vernons_Core_SUITE.RegistrationTest"/>
  <testcase name="RegistrationTest" time="12.478" classname="Vernons_Core_SUITE.RegistrationTest"/>
  <testcase name="RegistrationTest" time="12.13" classname="Vernons_Core_SUITE.RegistrationTest"/>
  <testcase name="RegistrationTest" time="25.793" classname="Vernons_Core_SUITE.RegistrationTest"/>
</testsuite> <!-- RegistrartionTest -->
