<?xml version="1.0" encoding="UTF-8"?>
<!-- Generated by org.testng.reporters.JUnitXMLReporter -->
<testsuite hostname="NP-SADEKUNLE" name="AddNewCardTest" tests="5" failures="5" timestamp="27 Mar 2017 14:54:14 GMT" time="97.179" errors="0">
  <testcase name="addcardtest" time="17.188" classname="Cashier.AddNewCardTest">
    <failure type="java.lang.NullPointerException">
      <![CDATA[java.lang.NullPointerException
	at Cashier.AddNewCardTest.addcardtest(AddNewCardTest.java:36)
... Removed 25 stack frames]]>
    </failure>
  </testcase> <!-- addcardtest -->
  <testcase name="addcardtest" time="18.642" classname="Cashier.AddNewCardTest">
    <failure type="java.lang.NullPointerException">
      <![CDATA[java.lang.NullPointerException
	at Cashier.AddNewCardTest.addcardtest(AddNewCardTest.java:36)
... Removed 25 stack frames]]>
    </failure>
  </testcase> <!-- addcardtest -->
  <testcase name="addcardtest" time="21.303" classname="Cashier.AddNewCardTest">
    <failure type="java.lang.NullPointerException">
      <![CDATA[java.lang.NullPointerException
	at Cashier.AddNewCardTest.addcardtest(AddNewCardTest.java:36)
... Removed 25 stack frames]]>
    </failure>
  </testcase> <!-- addcardtest -->
  <testcase name="addcardtest" time="17.259" classname="Cashier.AddNewCardTest">
    <failure type="java.lang.NullPointerException">
      <![CDATA[java.lang.NullPointerException
	at Cashier.AddNewCardTest.addcardtest(AddNewCardTest.java:36)
... Removed 25 stack frames]]>
    </failure>
  </testcase> <!-- addcardtest -->
  <testcase name="addcardtest" time="18.731" classname="Cashier.AddNewCardTest">
    <failure type="java.lang.NullPointerException">
      <![CDATA[java.lang.NullPointerException
	at Cashier.AddNewCardTest.addcardtest(AddNewCardTest.java:36)
... Removed 25 stack frames]]>
    </failure>
  </testcase> <!-- addcardtest -->
</testsuite> <!-- AddNewCardTest -->
