<?xml version="1.0" encoding="UTF-8"?>
<!-- Generated by org.testng.reporters.JUnitXMLReporter -->
<testsuite hostname="NP-SADEKUNLE" name="CashierDepositTest" tests="5" failures="5" timestamp="27 Mar 2017 14:55:51 GMT" time="96.64" errors="0">
  <testcase name="MYAccountMenutest" time="19.057" classname="Cashier.CashierDepositTest">
    <failure type="java.lang.NullPointerException">
      <![CDATA[java.lang.NullPointerException
	at Cashier.CashierDepositTest.MYAccountMenutest(CashierDepositTest.java:37)
... Removed 25 stack frames]]>
    </failure>
  </testcase> <!-- MYAccountMenutest -->
  <testcase name="MYAccountMenutest" time="18.751" classname="Cashier.CashierDepositTest">
    <failure type="java.lang.NullPointerException">
      <![CDATA[java.lang.NullPointerException
	at Cashier.CashierDepositTest.MYAccountMenutest(CashierDepositTest.java:37)
... Removed 25 stack frames]]>
    </failure>
  </testcase> <!-- MYAccountMenutest -->
  <testcase name="MYAccountMenutest" time="19.299" classname="Cashier.CashierDepositTest">
    <failure type="java.lang.NullPointerException">
      <![CDATA[java.lang.NullPointerException
	at Cashier.CashierDepositTest.MYAccountMenutest(CashierDepositTest.java:37)
... Removed 25 stack frames]]>
    </failure>
  </testcase> <!-- MYAccountMenutest -->
  <testcase name="MYAccountMenutest" time="16.714" classname="Cashier.CashierDepositTest">
    <failure type="java.lang.NullPointerException">
      <![CDATA[java.lang.NullPointerException
	at Cashier.CashierDepositTest.MYAccountMenutest(CashierDepositTest.java:37)
... Removed 25 stack frames]]>
    </failure>
  </testcase> <!-- MYAccountMenutest -->
  <testcase name="MYAccountMenutest" time="18.712" classname="Cashier.CashierDepositTest">
    <failure type="java.lang.NullPointerException">
      <![CDATA[java.lang.NullPointerException
	at Cashier.CashierDepositTest.MYAccountMenutest(CashierDepositTest.java:37)
... Removed 25 stack frames]]>
    </failure>
  </testcase> <!-- MYAccountMenutest -->
</testsuite> <!-- CashierDepositTest -->
