<?xml version="1.0" encoding="UTF-8"?>
<!-- Generated by org.testng.reporters.JUnitXMLReporter -->
<testsuite hostname="NP-SADEKUNLE" name="CashierMyAccountTest" tests="1" failures="1" timestamp="27 Mar 2017 14:55:51 GMT" time="0.003" errors="0">
  <testcase name="SelfExcludetest" time="0.001" classname="Cashier.CashierMyAccountTest">
    <failure type="java.lang.NullPointerException">
      <![CDATA[java.lang.NullPointerException
	at Cashier.CashierMyAccountTest.SelfExcludetest(CashierMyAccountTest.java:352)
... Removed 25 stack frames]]>
    </failure>
  </testcase> <!-- SelfExcludetest -->
</testsuite> <!-- CashierMyAccountTest -->
