<?xml version="1.0" encoding="UTF-8"?>
<!-- Generated by org.testng.reporters.JUnitXMLReporter -->
<testsuite hostname="NP-SADEKUNLE" name="ForgottenDetailsTest" tests="11" failures="0" timestamp="17 Nov 2017 15:46:21 GMT" time="139.748" errors="0">
  <testcase name="ForgottenDetailstest" time="13.194" classname="Vernons_Core_SUITE.ForgottenDetailsTest"/>
  <testcase name="ForgottenDetailstest" time="9.839" classname="Vernons_Core_SUITE.ForgottenDetailsTest"/>
  <testcase name="ForgottenDetailstest" time="11.121" classname="Vernons_Core_SUITE.ForgottenDetailsTest"/>
  <testcase name="ForgottenDetailstest" time="9.822" classname="Vernons_Core_SUITE.ForgottenDetailsTest"/>
  <testcase name="ForgottenDetailstest" time="10.066" classname="Vernons_Core_SUITE.ForgottenDetailsTest"/>
  <testcase name="ForgottenDetailstest" time="13.355" classname="Vernons_Core_SUITE.ForgottenDetailsTest"/>
  <testcase name="ForgottenDetailstest" time="13.375" classname="Vernons_Core_SUITE.ForgottenDetailsTest"/>
  <testcase name="ForgottenDetailstest" time="12.236" classname="Vernons_Core_SUITE.ForgottenDetailsTest"/>
  <testcase name="ForgottenDetailstest" time="11.608" classname="Vernons_Core_SUITE.ForgottenDetailsTest"/>
  <testcase name="ForgottenDetailstest" time="12.251" classname="Vernons_Core_SUITE.ForgottenDetailsTest"/>
  <testcase name="ForgottenDetailstest" time="13.23" classname="Vernons_Core_SUITE.ForgottenDetailsTest"/>
</testsuite> <!-- ForgottenDetailsTest -->
