<?xml version="1.0" encoding="UTF-8"?>
<!-- Generated by org.testng.reporters.JUnitXMLReporter -->
<testsuite hostname="NP-SADEKUNLE" name="LoginTest" tests="4" failures="0" timestamp="17 Nov 2017 15:44:02 GMT" time="69.142" errors="0">
  <testcase name="Logintest" time="13.489" classname="Vernons_Core_SUITE.LoginTest"/>
  <testcase name="Logintest" time="13.597" classname="Vernons_Core_SUITE.LoginTest"/>
  <testcase name="Logintest" time="13.697" classname="Vernons_Core_SUITE.LoginTest"/>
  <testcase name="Logintest" time="24.879" classname="Vernons_Core_SUITE.LoginTest"/>
</testsuite> <!-- LoginTest -->
