<?xml version="1.0" encoding="UTF-8"?>
<!-- Generated by org.testng.reporters.JUnitXMLReporter -->
<testsuite hostname="NP-SADEKUNLE" name="RegistrationTest" tests="12" failures="0" timestamp="17 Nov 2017 15:42:52 GMT" time="181.59" errors="0">
  <testcase name="RegistrationTest" time="16.862" classname="Vernons_Core_SUITE.RegistrationTest"/>
  <testcase name="RegistrationTest" time="13.003" classname="Vernons_Core_SUITE.RegistrationTest"/>
  <testcase name="RegistrationTest" time="13.443" classname="Vernons_Core_SUITE.RegistrationTest"/>
  <testcase name="RegistrationTest" time="13.244" classname="Vernons_Core_SUITE.RegistrationTest"/>
  <testcase name="RegistrationTest" time="12.23" classname="Vernons_Core_SUITE.RegistrationTest"/>
  <testcase name="RegistrationTest" time="12.262" classname="Vernons_Core_SUITE.RegistrationTest"/>
  <testcase name="RegistrationTest" time="12.196" classname="Vernons_Core_SUITE.RegistrationTest"/>
  <testcase name="RegistrationTest" time="13.323" classname="Vernons_Core_SUITE.RegistrationTest"/>
  <testcase name="RegistrationTest" time="12.447" classname="Vernons_Core_SUITE.RegistrationTest"/>
  <testcase name="RegistrationTest" time="12.24" classname="Vernons_Core_SUITE.RegistrationTest"/>
  <testcase name="RegistrationTest" time="12.629" classname="Vernons_Core_SUITE.RegistrationTest"/>
  <testcase name="RegistrationTest" time="25.346" classname="Vernons_Core_SUITE.RegistrationTest"/>
</testsuite> <!-- RegistrationTest -->
